<?xml version="1.0" encoding="UTF-8"?>
<testng-results skipped="0" failed="0" total="1" passed="1">
  <reporter-output>
  </reporter-output>
  <suite name="Command line suite" duration-ms="24" started-at="2020-01-27T09:07:55Z" finished-at="2020-01-27T09:07:55Z">
    <groups>
    </groups>
    <test name="Command line test" duration-ms="24" started-at="2020-01-27T09:07:55Z" finished-at="2020-01-27T09:07:55Z">
      <class name="Test.Test.AppTest">
        <test-method status="PASS" signature="testApp()[pri:0, instance:testApp(Test.Test.AppTest)]" name="testApp" duration-ms="1" started-at="2020-01-27T14:37:55Z" finished-at="2020-01-27T14:37:55Z">
          <reporter-output>
          </reporter-output>
        </test-method> <!-- testApp -->
      </class> <!-- Test.Test.AppTest -->
    </test> <!-- Command line test -->
  </suite> <!-- Command line suite -->
</testng-results>
