<?xml version="1.0" encoding="UTF-8"?>
<testng-results skipped="0" failed="0" total="0" passed="0">
  <reporter-output>
  </reporter-output>
  <suite name="Test.Test.AppTest" duration-ms="2" started-at="2018-10-18T12:05:57Z" finished-at="2018-10-18T12:05:57Z">
    <groups>
    </groups>
    <test name="Command line test" duration-ms="2" started-at="2018-10-18T12:05:57Z" finished-at="2018-10-18T12:05:57Z">
    </test> <!-- Command line test -->
  </suite> <!-- Test.Test.AppTest -->
</testng-results>
